<?xml version="1.0" encoding="utf-8"?><testsuites name="pytest tests"><testsuite name="pytest" errors="0" failures="4" skipped="0" tests="10" time="23.676" timestamp="2026-07-10T08:50:45.215087+00:00" hostname="agent-env-3e6a7c17-9797-4675-89e2-2c60bf5eb361"><testcase classname="tests.test_ai_image" name="test_ai_image_missing_token" time="0.253" /><testcase classname="tests.test_ai_image" name="test_ai_image_empty_prompt" time="0.483" /><testcase classname="tests.test_ai_image" name="test_ai_image_nano_banana_generates" time="7.540" /><testcase classname="tests.test_ai_image" name="test_ai_image_gpt_image_1_generates" time="13.924" /><testcase classname="tests.test_ai_image" name="test_core_endpoints_ok[/api/dashboard/kpis]" time="0.164"><failure message="AssertionError: /api/dashboard/kpis -&gt; 404 {&quot;detail&quot;:&quot;Not Found&quot;}&#10;assert 404 in (200, 204)&#10; +  where 404 = &lt;Response [404]&gt;.status_code">backend/tests/test_ai_image.py:85: in test_core_endpoints_ok
    assert r.status_code in (200, 204), f"{path} -&gt; {r.status_code} {r.text[:200]}"
E   AssertionError: /api/dashboard/kpis -&gt; 404 {"detail":"Not Found"}
E   assert 404 in (200, 204)
E    +  where 404 = &lt;Response [404]&gt;.status_code</failure></testcase><testcase classname="tests.test_ai_image" name="test_core_endpoints_ok[/api/campaigns]" time="0.135" /><testcase classname="tests.test_ai_image" name="test_core_endpoints_ok[/api/leads]" time="0.100" /><testcase classname="tests.test_ai_image" name="test_core_endpoints_ok[/api/inbox/threads]" time="0.097"><failure message="AssertionError: /api/inbox/threads -&gt; 404 {&quot;detail&quot;:&quot;not found&quot;}&#10;assert 404 in (200, 204)&#10; +  where 404 = &lt;Response [404]&gt;.status_code">backend/tests/test_ai_image.py:85: in test_core_endpoints_ok
    assert r.status_code in (200, 204), f"{path} -&gt; {r.status_code} {r.text[:200]}"
E   AssertionError: /api/inbox/threads -&gt; 404 {"detail":"not found"}
E   assert 404 in (200, 204)
E    +  where 404 = &lt;Response [404]&gt;.status_code</failure></testcase><testcase classname="tests.test_ai_image" name="test_core_endpoints_ok[/api/crm/deals]" time="0.101"><failure message="AssertionError: /api/crm/deals -&gt; 404 {&quot;detail&quot;:&quot;Not Found&quot;}&#10;assert 404 in (200, 204)&#10; +  where 404 = &lt;Response [404]&gt;.status_code">backend/tests/test_ai_image.py:85: in test_core_endpoints_ok
    assert r.status_code in (200, 204), f"{path} -&gt; {r.status_code} {r.text[:200]}"
E   AssertionError: /api/crm/deals -&gt; 404 {"detail":"Not Found"}
E   assert 404 in (200, 204)
E    +  where 404 = &lt;Response [404]&gt;.status_code</failure></testcase><testcase classname="tests.test_ai_image" name="test_core_endpoints_ok[/api/carousel/platforms]" time="0.145"><failure message="AssertionError: /api/carousel/platforms -&gt; 404 {&quot;detail&quot;:&quot;not found&quot;}&#10;assert 404 in (200, 204)&#10; +  where 404 = &lt;Response [404]&gt;.status_code">backend/tests/test_ai_image.py:85: in test_core_endpoints_ok
    assert r.status_code in (200, 204), f"{path} -&gt; {r.status_code} {r.text[:200]}"
E   AssertionError: /api/carousel/platforms -&gt; 404 {"detail":"not found"}
E   assert 404 in (200, 204)
E    +  where 404 = &lt;Response [404]&gt;.status_code</failure></testcase></testsuite></testsuites>