<?xml version="1.0" encoding="utf-8"?><testsuites name="pytest tests"><testsuite name="pytest" errors="0" failures="0" skipped="0" tests="4" time="4.171" timestamp="2026-07-10T11:12:13.526632+00:00" hostname="agent-env-3e6a7c17-9797-4675-89e2-2c60bf5eb361"><testcase classname="tests.test_profile_password" name="test_change_password_wrong_current" time="0.820" /><testcase classname="tests.test_profile_password" name="test_change_password_success_and_restore" time="1.785" /><testcase classname="tests.test_profile_password" name="test_update_profile_and_me" time="0.232" /><testcase classname="tests.test_profile_password" name="test_update_profile_avatar_too_large" time="0.395" /></testsuite></testsuites>