<?xml version="1.0" encoding="utf-8"?><testsuites name="pytest tests"><testsuite name="pytest" errors="0" failures="0" skipped="0" tests="19" time="8.789" timestamp="2026-07-10T09:17:33.686870+00:00" hostname="agent-env-3e6a7c17-9797-4675-89e2-2c60bf5eb361"><testcase classname="tests.test_webhooks_hubspot.TestWebhooks" name="test_create_list_webhook" time="0.578" /><testcase classname="tests.test_webhooks_hubspot.TestWebhooks" name="test_fire_hook_public_airtable" time="5.891" /><testcase classname="tests.test_webhooks_hubspot.TestWebhooks" name="test_fire_hook_missing_topic_400" time="0.128" /><testcase classname="tests.test_webhooks_hubspot.TestWebhooks" name="test_fire_hook_bad_token_404" time="0.100" /><testcase classname="tests.test_webhooks_hubspot.TestWebhooks" name="test_events" time="0.105" /><testcase classname="tests.test_webhooks_hubspot.TestWebhooks" name="test_delete_hook" time="0.198" /><testcase classname="tests.test_webhooks_hubspot.TestHubSpot" name="test_initial_status" time="0.211" /><testcase classname="tests.test_webhooks_hubspot.TestHubSpot" name="test_connect" time="0.114" /><testcase classname="tests.test_webhooks_hubspot.TestHubSpot" name="test_sync_push" time="0.126" /><testcase classname="tests.test_webhooks_hubspot.TestHubSpot" name="test_pull" time="0.107" /><testcase classname="tests.test_webhooks_hubspot.TestHubSpot" name="test_deals_sync" time="0.100" /><testcase classname="tests.test_webhooks_hubspot.TestHubSpot" name="test_disconnect" time="0.215" /><testcase classname="tests.test_webhooks_hubspot.TestRegression" name="test_dashboard" time="0.141" /><testcase classname="tests.test_webhooks_hubspot.TestRegression" name="test_campaigns" time="0.119" /><testcase classname="tests.test_webhooks_hubspot.TestRegression" name="test_leads" time="0.109" /><testcase classname="tests.test_webhooks_hubspot.TestRegression" name="test_inbox" time="0.105" /><testcase classname="tests.test_webhooks_hubspot.TestRegression" name="test_deals" time="0.104" /><testcase classname="tests.test_webhooks_hubspot.TestRegression" name="test_carousels_list" time="0.113" /><testcase classname="tests.test_webhooks_hubspot.TestRegression" name="test_platforms_route" time="0.134" /></testsuite></testsuites>